<?xml version="1.0" encoding="UTF-8"?>
<testng-results ignored="0" total="2" passed="2" failed="0" skipped="0">
  <reporter-output>
  </reporter-output>
  <suite started-at="2022-07-27T17:03:24 IST" name="Default suite" finished-at="2022-07-27T17:03:24 IST" duration-ms="51">
    <groups>
    </groups>
    <test started-at="2022-07-27T17:03:24 IST" name="Default test" finished-at="2022-07-27T17:03:24 IST" duration-ms="51">
      <class name="mavenFramework.SeleniumTest">
        <test-method signature="Browser()[pri:0, instance:mavenFramework.SeleniumTest@28f3b248]" started-at="2022-07-27T17:03:24 IST" name="Browser" finished-at="2022-07-27T17:03:24 IST" duration-ms="12" status="PASS">
          <reporter-output>
          </reporter-output>
        </test-method> <!-- Browser -->
        <test-method signature="Chrome()[pri:0, instance:mavenFramework.SeleniumTest@28f3b248]" started-at="2022-07-27T17:03:24 IST" name="Chrome" finished-at="2022-07-27T17:03:24 IST" duration-ms="0" status="PASS">
          <reporter-output>
          </reporter-output>
        </test-method> <!-- Chrome -->
      </class> <!-- mavenFramework.SeleniumTest -->
    </test> <!-- Default test -->
  </suite> <!-- Default suite -->
</testng-results>
